\BOOKMARK [1][-]{section.1}{\376\377\000G\000i\036\333\000i\000\040\000t\000h\000i\036\307\000u\000\040\000t\036\325\000n\000g\000\040\000q\000u\000a\000n\000\040\001\021\036\301\000\040\000t\000\340\000i}{}% 1
\BOOKMARK [2][-]{subsection.1.1}{\376\377\000G\000i\036\333\000i\000\040\000t\000h\000i\036\307\000u\000\040\001\021\036\301\000\040\000t\000\340\000i}{section.1}% 2
\BOOKMARK [2][-]{subsection.1.2}{\376\377\000M\036\345\000c\000\040\000t\000i\000\352\000u\000\040\000t\000h\036\361\000c\000\040\000h\000i\036\307\000n\000\040\001\021\036\301\000\040\000t\000\340\000i}{section.1}% 3
\BOOKMARK [2][-]{subsection.1.3}{\376\377\000L\036\343\000i\000\040\000\355\000c\000h\000\040\000c\036\347\000a\000\040\001\021\036\301\000\040\000t\000\340\000i\000\040\000m\000a\000n\000g\000\040\000l\036\241\000i}{section.1}% 4
\BOOKMARK [2][-]{subsection.1.4}{\376\377\000P\000h\036\241\000m\000\040\000v\000i\000\040\000v\000\340\000\040\000g\000i\036\333\000i\000\040\000h\036\241\000n\000\040\000c\036\347\000a\000\040\001\021\036\301\000\040\000t\000\340\000i}{section.1}% 5
\BOOKMARK [2][-]{subsection.1.5}{\376\377\000C\036\245\000u\000\040\000t\000r\000\372\000c\000\040\000c\036\347\000a\000\040\001\021\036\301\000\040\000t\000\340\000i}{section.1}% 6
\BOOKMARK [1][-]{section.2}{\376\377\000P\000h\000\342\000n\000\040\000t\000\355\000c\000h\000\040\000t\036\325\000n\000g\000\040\000q\000u\000a\000n\000\040\000c\000\341\000c\000\040\000h\036\307\000\040\000t\000h\036\321\000n\000g\000\040\000c\000\363\000\040\000l\000i\000\352\000n\000\040\000q\000u\000a\000n\000\040\000t\000r\000\352\000n\000\040\000t\000h\036\313\000\040\000t\000r\001\260\036\335\000n\000g}{}% 7
\BOOKMARK [2][-]{subsection.2.1}{\376\377\000H\000\040\000\046\000\040\000M}{section.2}% 8
\BOOKMARK [3][-]{subsubsection.2.1.1}{\376\377\000G\000i\036\333\000i\000\040\000t\000h\000i\036\307\000u\000\040\000H\000\040\000\046\000\040\000M}{subsection.2.1}% 9
\BOOKMARK [3][-]{subsubsection.2.1.2}{\376\377\001\020\036\267\000c\000\040\001\021\000i\036\303\000m\000\040\000k\036\371\000\040\000t\000h\000u\036\255\000t\000\040\000n\036\325\000i\000\040\000b\036\255\000t}{subsection.2.1}% 10
\BOOKMARK [3][-]{subsubsection.2.1.3}{\376\377\001\020\000\341\000n\000h\000\040\000g\000i\000\341\000\040\000h\036\307\000\040\000t\000h\036\321\000n\000g}{subsection.2.1}% 11
\BOOKMARK [2][-]{subsection.2.2}{\376\377\000Z\000a\000r\000a}{section.2}% 12
\BOOKMARK [3][-]{subsubsection.2.2.1}{\376\377\000G\000i\036\333\000i\000\040\000t\000h\000i\036\307\000u\000\040\000Z\000a\000r\000a}{subsection.2.2}% 13
\BOOKMARK [3][-]{subsubsection.2.2.2}{\376\377\001\020\036\267\000c\000\040\001\021\000i\036\303\000m\000\040\000k\036\371\000\040\000t\000h\000u\036\255\000t\000\040\000n\036\325\000i\000\040\000b\036\255\000t}{subsection.2.2}% 14
\BOOKMARK [3][-]{subsubsection.2.2.3}{\376\377\001\020\000\341\000n\000h\000\040\000g\000i\000\341\000\040\000h\036\307\000\040\000t\000h\036\321\000n\000g}{subsection.2.2}% 15
\BOOKMARK [2][-]{subsection.2.3}{\376\377\000A\000d\000i\000d\000a\000s}{section.2}% 16
\BOOKMARK [3][-]{subsubsection.2.3.1}{\376\377\000G\000i\036\333\000i\000\040\000t\000h\000i\036\307\000u\000\040\000A\000d\000i\000d\000a\000s}{subsection.2.3}% 17
\BOOKMARK [3][-]{subsubsection.2.3.2}{\376\377\001\020\036\267\000c\000\040\001\021\000i\036\303\000m\000\040\000k\036\371\000\040\000t\000h\000u\036\255\000t\000\040\000n\036\325\000i\000\040\000b\036\255\000t}{subsection.2.3}% 18
\BOOKMARK [3][-]{subsubsection.2.3.3}{\376\377\001\020\000\341\000n\000h\000\040\000g\000i\000\341\000\040\000h\036\307\000\040\000t\000h\036\321\000n\000g}{subsection.2.3}% 19
\BOOKMARK [2][-]{subsection.2.4}{\376\377\000A\000m\000a\000z\000o\000n\000\040\000F\000a\000s\000h\000i\000o\000n}{section.2}% 20
\BOOKMARK [3][-]{subsubsection.2.4.1}{\376\377\000G\000i\036\333\000i\000\040\000t\000h\000i\036\307\000u\000\040\000A\000m\000a\000z\000o\000n\000\040\000F\000a\000s\000h\000i\000o\000n}{subsection.2.4}% 21
\BOOKMARK [3][-]{subsubsection.2.4.2}{\376\377\001\020\036\267\000c\000\040\001\021\000i\036\303\000m\000\040\000k\036\371\000\040\000t\000h\000u\036\255\000t\000\040\000n\036\325\000i\000\040\000b\036\255\000t}{subsection.2.4}% 22
\BOOKMARK [3][-]{subsubsection.2.4.3}{\376\377\001\020\000\341\000n\000h\000\040\000g\000i\000\341\000\040\000h\036\307\000\040\000t\000h\036\321\000n\000g}{subsection.2.4}% 23
\BOOKMARK [2][-]{subsection.2.5}{\376\377\000C\000o\000o\000l\000m\000a\000t\000e}{section.2}% 24
\BOOKMARK [3][-]{subsubsection.2.5.1}{\376\377\000G\000i\036\333\000i\000\040\000t\000h\000i\036\307\000u\000\040\000C\000o\000o\000l\000m\000a\000t\000e}{subsection.2.5}% 25
\BOOKMARK [3][-]{subsubsection.2.5.2}{\376\377\001\020\036\267\000c\000\040\001\021\000i\036\303\000m\000\040\000k\036\371\000\040\000t\000h\000u\036\255\000t\000\040\000n\036\325\000i\000\040\000b\036\255\000t}{subsection.2.5}% 26
\BOOKMARK [3][-]{subsubsection.2.5.3}{\376\377\001\020\000\341\000n\000h\000\040\000g\000i\000\341\000\040\000h\036\307\000\040\000t\000h\036\321\000n\000g}{subsection.2.5}% 27
\BOOKMARK [2][-]{subsection.2.6}{\376\377\000H\036\307\000\040\000t\000h\036\321\000n\000g\000\040\000n\000h\000\363\000m\000\040\001\021\000a\000n\000g\000\040\000p\000h\000\341\000t\000\040\000t\000r\000i\036\303\000n\000\040\000-\000\040\000P\000a\000p\000l\000e}{section.2}% 28
\BOOKMARK [3][-]{subsubsection.2.6.1}{\376\377\000G\000i\036\333\000i\000\040\000t\000h\000i\036\307\000u\000\040\000P\000a\000p\000l\000e}{subsection.2.6}% 29
\BOOKMARK [3][-]{subsubsection.2.6.2}{\376\377\000T\000\355\000n\000h\000\040\000n\001\003\000n\000g\000\040\000n\036\325\000i\000\040\000b\036\255\000t\000\040\000c\036\347\000a\000\040\000P\000a\000p\000l\000e}{subsection.2.6}% 30
\BOOKMARK [1][-]{section.3}{\376\377\000C\000\364\000n\000g\000\040\000n\000g\000h\036\307\000\040\000s\036\355\000\040\000d\036\345\000n\000g}{}% 31
\BOOKMARK [2][-]{subsection.3.1}{\376\377\000N\000g\000\364\000n\000\040\000n\000g\036\357\000\040\000l\036\255\000p\000\040\000t\000r\000\354\000n\000h\000\040\000T\000y\000p\000e\000s\000c\000r\000i\000p\000t}{section.3}% 32
\BOOKMARK [2][-]{subsection.3.2}{\376\377\000N\000e\000s\000t\000j\000s\000\040\000F\000r\000a\000m\000e\000w\000o\000r\000k}{section.3}% 33
\BOOKMARK [2][-]{subsection.3.3}{\376\377\000P\000r\000i\000s\000m\000a\000\040\000O\000R\000M}{section.3}% 34
\BOOKMARK [2][-]{subsection.3.4}{\376\377\000H\036\307\000\040\000q\000u\036\243\000n\000\040\000t\000r\036\313\000\040\000c\001\241\000\040\000s\036\337\000\040\000d\036\357\000\040\000l\000i\036\307\000u\000\040\000P\000o\000s\000t\000g\000r\000e\000S\000Q\000L}{section.3}% 35
\BOOKMARK [2][-]{subsection.3.5}{\376\377\000N\000e\000x\000t\000j\000s\000\040\000F\000r\000a\000m\000e\000w\000o\000r\000k}{section.3}% 36
\BOOKMARK [2][-]{subsection.3.6}{\376\377\000S\000h\000a\000d\000c\000n\000\040\000/\000\040\000u\000i}{section.3}% 37
\BOOKMARK [2][-]{subsection.3.7}{\376\377\000S\000w\000a\000g\000g\000e\000r}{section.3}% 38
\BOOKMARK [2][-]{subsection.3.8}{\376\377\000G\000i\000t\000\040\000\046\000\040\000G\000i\000t\000h\000u\000b}{section.3}% 39
\BOOKMARK [2][-]{subsection.3.9}{\376\377\000A\000W\000S\000\040\000S\0003}{section.3}% 40
\BOOKMARK [2][-]{subsection.3.10}{\376\377\000V\000N\000P\000A\000Y}{section.3}% 41
\BOOKMARK [2][-]{subsection.3.11}{\376\377\000G\000H\000N\000\040\000-\000\040\000G\000i\000a\000o\000\040\000h\000\340\000n\000g\000\040\000n\000h\000a\000n\000h}{section.3}% 42
\BOOKMARK [1][-]{section.4}{\376\377\000P\000h\000\342\000n\000\040\000t\000\355\000c\000h\000\040\000h\036\307\000\040\000t\000h\036\321\000n\000g}{}% 43
\BOOKMARK [2][-]{subsection.4.1}{\376\377\000C\000\341\000c\000\040\000v\000a\000i\000\040\000t\000r\000\362\000\040\000v\000\340\000\040\000y\000\352\000u\000\040\000c\036\247\000u\000\040\000c\000h\036\351\000c\000\040\000n\001\003\000n\000g\000\040\000c\036\347\000a\000\040\000n\000g\001\260\036\335\000i\000\040\000d\000\371\000n\000g\000\040\000t\000r\000o\000n\000g\000\040\000h\036\307\000\040\000t\000h\036\321\000n\000g}{section.4}% 44
\BOOKMARK [2][-]{subsection.4.2}{\376\377\000C\000\341\000c\000\040\000y\000\352\000u\000\040\000c\036\247\000u\000\040\000p\000h\000i\000\040\000c\000h\036\351\000c\000\040\000n\001\003\000n\000g}{section.4}% 45
\BOOKMARK [2][-]{subsection.4.3}{\376\377\000T\000h\000i\036\277\000t\000\040\000k\036\277\000\040\000u\000s\000e\000c\000a\000s\000e}{section.4}% 46
\BOOKMARK [3][-]{subsubsection.4.3.1}{\376\377\000S\001\241\000\040\001\021\036\323\000\040\000u\000s\000e\000c\000a\000s\000e}{subsection.4.3}% 47
\BOOKMARK [0][-]{subsubsubsection.4.3.1.1}{\376\377\000S\001\241\000\040\001\021\036\323\000\040\000u\000s\000e\000c\000a\000s\000e\000\040\000c\000h\000o\000\040\000n\000g\001\260\036\335\000i\000\040\000q\000u\036\243\000n\000\040\000t\000r\036\313\000\040\000v\000i\000\352\000n\000\040\000\050\000a\000d\000m\000i\000n\000\051\000\040\000v\000\340\000\040\000n\000h\000\342\000n\000\040\000v\000i\000\352\000n\000\040\000\050\000s\000t\000a\000f\000f\000\051}{}% 48
\BOOKMARK [0][-]{subsubsubsection.4.3.1.2}{\376\377\000S\001\241\000\040\001\021\036\323\000\040\000u\000s\000e\000c\000a\000s\000e\000\040\000c\000h\000o\000\040\000n\000g\001\260\036\335\000i\000\040\000k\000h\000\341\000c\000h\000\040\000h\000\340\000n\000g\000\040\000\050\000c\000u\000s\000t\000o\000m\000e\000r\000\051}{}% 49
\BOOKMARK [1][-]{subsubsection.4.3.2}{\376\377\001\020\036\267\000c\000\040\000t\036\243\000\040\000u\000s\000e\000c\000a\000s\000e}{subsubsubsection.4.3.1.2}% 50
\BOOKMARK [0][-]{subsubsubsection.4.3.2.1}{\376\377\001\020\036\267\000c\000\040\000t\036\243\000\040\000u\000s\000e\000c\000a\000s\000e\000\040\000c\000h\000o\000\040\000n\000g\001\260\036\335\000i\000\040\000q\000u\036\243\000n\000\040\000t\000r\036\313\000\040\000v\000i\000\352\000n\000\040\000\050\000a\000d\000m\000i\000n\000\051}{}% 51
\BOOKMARK [0][-]{subsubsubsection.4.3.2.2}{\376\377\001\020\036\267\000c\000\040\000t\036\243\000\040\000u\000s\000e\000c\000a\000s\000e\000\040\000c\000h\000o\000\040\000n\000g\001\260\036\335\000i\000\040\000n\000h\000\342\000n\000\040\000v\000i\000\352\000n\000\040\000\050\000s\000t\000a\000f\000f\000\051}{}% 52
\BOOKMARK [0][-]{subsubsubsection.4.3.2.3}{\376\377\001\020\036\267\000c\000\040\000t\036\243\000\040\000u\000s\000e\000c\000a\000s\000e\000\040\000c\000h\000o\000\040\000n\000g\001\260\036\335\000i\000\040\000k\000h\000\341\000c\000h\000\040\000h\000\340\000n\000g\000\040\000\050\000c\000u\000s\000t\000o\000m\000e\000r\000\051}{}% 53
\BOOKMARK [1][-]{section.5}{\376\377\000T\000h\000i\036\277\000t\000\040\000k\036\277\000\040\000h\036\307\000\040\000t\000h\036\321\000n\000g}{subsubsubsection.4.3.2.3}% 54
\BOOKMARK [2][-]{subsection.5.1}{\376\377\000K\000i\036\277\000n\000\040\000t\000r\000\372\000c\000\040\000h\036\307\000\040\000t\000h\036\321\000n\000g\000\040\000-\000\040\000K\000i\036\277\000n\000\040\000t\000r\000\372\000c\000\040\000T\000h\000r\000e\000e\000\040\000T\000i\000e\000r}{section.5}% 55
\BOOKMARK [2][-]{subsection.5.2}{\376\377\000T\000h\000i\036\277\000t\000\040\000k\036\277\000\040\000c\001\241\000\040\000s\036\337\000\040\000d\036\357\000\040\000l\000i\036\307\000u}{section.5}% 56
\BOOKMARK [3][-]{subsubsection.5.2.1}{\376\377\000M\000\364\000\040\000t\036\243\000\040\000t\000h\036\361\000c\000\040\000t\000h\036\303}{subsection.5.2}% 57
\BOOKMARK [3][-]{subsubsection.5.2.2}{\376\377\000L\001\260\036\343\000c\000\040\001\021\036\323\000\040\000t\000h\036\361\000c\000\040\000t\000h\036\303\000\040\000m\036\321\000i\000\040\000l\000i\000\352\000n\000\040\000h\036\307\000\040\000m\036\337\000\040\000r\036\331\000n\000g\000\040\000\050\000E\000E\000R\000D\000\051}{subsection.5.2}% 58
\BOOKMARK [3][-]{subsubsection.5.2.3}{\376\377\000L\001\260\036\343\000c\000\040\001\021\036\323\000\040\000c\001\241\000\040\000s\036\337\000\040\000d\036\357\000\040\000l\000i\036\307\000u}{subsection.5.2}% 59
\BOOKMARK [2][-]{subsection.5.3}{\376\377\000B\000i\036\303\000u\000\040\001\021\036\323\000\040\000l\036\333\000p\000\040\000\050\000C\000l\000a\000s\000s\000\040\000D\000i\000a\000g\000r\000a\000m\000\051}{section.5}% 60
\BOOKMARK [2][-]{subsection.5.4}{\376\377\000S\001\241\000\040\001\021\036\323\000\040\000h\000o\036\241\000t\000\040\001\021\036\331\000n\000g}{section.5}% 61
\BOOKMARK [3][-]{subsubsection.5.4.1}{\376\377\000N\000g\001\260\036\335\000i\000\040\000q\000u\036\243\000n\000\040\000t\000r\036\313\000\040\000v\000i\000\352\000n\000,\000\040\000n\000g\001\260\036\335\000i\000\040\000n\000h\000\342\000n\000\040\000v\000i\000\352\000n\000\040\000x\036\355\000\040\000l\000\375\000\040\001\021\001\241\000n\000\040\000h\000\340\000n\000g\000.}{subsection.5.4}% 62
\BOOKMARK [3][-]{subsubsection.5.4.2}{\376\377\000N\000g\001\260\036\335\000i\000\040\000q\000u\036\243\000n\000\040\000t\000r\036\313\000\040\000v\000i\000\352\000n\000,\000\040\000n\000g\001\260\036\335\000i\000\040\000n\000h\000\342\000n\000\040\000v\000i\000\352\000n\000\040\000x\036\355\000\040\000l\000\375\000\040\000t\000r\036\243\000\040\001\021\001\241\000n\000\040\000h\000\340\000n\000g\000\040\000-\000\040\000h\000o\000\340\000n\000\040\000t\000i\036\301\000n\000.}{subsection.5.4}% 63
\BOOKMARK [3][-]{subsubsection.5.4.3}{\376\377\000N\000g\001\260\036\335\000i\000\040\000k\000h\000\341\000c\000h\000\040\000h\000\340\000n\000g\000\040\000d\000u\000y\036\307\000t\000\040\000s\036\243\000n\000\040\000p\000h\036\251\000m\000\040\000v\000\340\000\040\000m\000u\000a\000\040\000s\036\243\000n\000\040\000p\000h\036\251\000m\000.}{subsection.5.4}% 64
\BOOKMARK [3][-]{subsubsection.5.4.4}{\376\377\000N\000g\001\260\036\335\000i\000\040\000k\000h\000\341\000c\000h\000\040\000h\000\340\000n\000g\000\040\000h\036\347\000y\000\040\001\021\001\241\000n\000\040\000h\000\340\000n\000g\000.}{subsection.5.4}% 65
\BOOKMARK [3][-]{subsubsection.5.4.5}{\376\377\000N\000g\001\260\036\335\000i\000\040\000k\000h\000\341\000c\000h\000\040\000h\000\340\000n\000g\000\040\000y\000\352\000u\000\040\000c\036\247\000u\000\040\000t\000r\036\243\000\040\001\021\001\241\000n\000\040\000h\000\340\000n\000g\000\040\000-\000\040\000h\000o\000\340\000n\000\040\000t\000i\036\301\000n\000.}{subsection.5.4}% 66
\BOOKMARK [2][-]{subsection.5.5}{\376\377\000S\001\241\000\040\001\021\036\323\000\040\000t\000u\036\247\000n\000\040\000t\036\361}{section.5}% 67
\BOOKMARK [3][-]{subsubsection.5.5.1}{\376\377\000N\000g\001\260\036\335\000i\000\040\000q\000u\036\243\000n\000\040\000t\000r\036\313\000\040\000v\000i\000\352\000n\000,\000\040\000n\000g\001\260\036\335\000i\000\040\000n\000h\000\342\000n\000\040\000v\000i\000\352\000n\000\040\000x\036\355\000\040\000l\000\375\000\040\001\021\001\241\000n\000\040\000h\000\340\000n\000g\000.}{subsection.5.5}% 68
\BOOKMARK [3][-]{subsubsection.5.5.2}{\376\377\000N\000g\001\260\036\335\000i\000\040\000q\000u\036\243\000n\000\040\000t\000r\036\313\000\040\000v\000i\000\352\000n\000,\000\040\000n\000g\001\260\036\335\000i\000\040\000n\000h\000\342\000n\000\040\000v\000i\000\352\000n\000\040\000x\036\355\000\040\000l\000\375\000\040\000t\000r\036\243\000\040\000h\000\340\000n\000g\000\040\000-\000\040\000h\000o\000\340\000n\000\040\000t\000i\036\301\000n\000.}{subsection.5.5}% 69
\BOOKMARK [3][-]{subsubsection.5.5.3}{\376\377\000N\000g\001\260\036\335\000i\000\040\000K\000h\000\341\000c\000h\000\040\000h\000\340\000n\000g\000\040\000t\000h\036\361\000c\000\040\000h\000i\036\307\000n\000\040\000t\000\354\000m\000\040\000k\000i\036\277\000m\000\040\000v\000\340\000\040\000x\000e\000m\000\040\000s\036\243\000n\000\040\000p\000h\036\251\000m\000.}{subsection.5.5}% 70
\BOOKMARK [3][-]{subsubsection.5.5.4}{\376\377\000N\000g\001\260\036\335\000i\000\040\000K\000h\000\341\000c\000h\000\040\000h\000\340\000n\000g\000\040\000t\000h\036\361\000c\000\040\000h\000i\036\307\000n\000\040\000s\000o\000\040\000s\000\341\000n\000h\000\040\000t\000h\000\364\000n\000g\000\040\000t\000i\000n\000\040\000c\000\341\000c\000\040\000s\036\243\000n\000\040\000p\000h\036\251\000m\000.}{subsection.5.5}% 71
\BOOKMARK [3][-]{subsubsection.5.5.5}{\376\377\000N\000g\001\260\036\335\000i\000\040\000K\000h\000\341\000c\000h\000\040\000h\000\340\000n\000g\000\040\000t\000h\036\361\000c\000\040\000h\000i\036\307\000n\000\040\000v\000i\036\307\000c\000\040\000m\000u\000a\000\040\000n\000g\000a\000y\000\040\000s\036\243\000n\000\040\000p\000h\036\251\000m\000.}{subsection.5.5}% 72
\BOOKMARK [3][-]{subsubsection.5.5.6}{\376\377\000N\000g\001\260\036\335\000i\000\040\000K\000h\000\341\000c\000h\000\040\000h\000\340\000n\000g\000\040\000t\000h\036\361\000c\000\040\000h\000i\036\307\000n\000\040\000t\000h\000\352\000m\000\040\000c\000\341\000c\000\040\000s\036\243\000n\000\040\000p\000h\036\251\000m\000\040\000v\000\340\000o\000\040\000g\000i\036\317\000\040\000h\000\340\000n\000g\000.}{subsection.5.5}% 73
\BOOKMARK [3][-]{subsubsection.5.5.7}{\376\377\000N\000g\001\260\036\335\000i\000\040\000K\000h\000\341\000c\000h\000\040\000h\000\340\000n\000g\000\040\000t\000h\036\361\000c\000\040\000h\000i\036\307\000n\000\040\000m\000u\000a\000\040\000c\000\341\000c\000\040\000s\036\243\000n\000\040\000p\000h\036\251\000m\000\040\000t\036\353\000\040\000g\000i\036\317\000\040\000h\000\340\000n\000g\000.}{subsection.5.5}% 74
\BOOKMARK [3][-]{subsubsection.5.5.8}{\376\377\000N\000g\001\260\036\335\000i\000\040\000K\000h\000\341\000c\000h\000\040\000h\000\340\000n\000g\000\040\000t\000h\036\361\000c\000\040\000h\000i\036\307\000n\000\040\000m\000u\000a\000\040\000c\000\341\000c\000\040\000s\036\243\000n\000\040\000p\000h\036\251\000m\000\040\000t\036\353\000\040\001\021\001\241\000n\000\040\000h\000\340\000n\000g\000\040\001\021\000\343\000\040\000m\000u\000a\000.}{subsection.5.5}% 75
\BOOKMARK [3][-]{subsubsection.5.5.9}{\376\377\000N\000g\001\260\036\335\000i\000\040\000K\000h\000\341\000c\000h\000\040\000h\000\340\000n\000g\000\040\000t\000h\036\361\000c\000\040\000h\000i\036\307\000n\000\040\000h\036\347\000y\000\040\001\021\001\241\000n\000\040\001\021\036\267\000t\000\040\000h\000\340\000n\000g\000.}{subsection.5.5}% 76
\BOOKMARK [3][-]{subsubsection.5.5.10}{\376\377\000N\000g\001\260\036\335\000i\000\040\000K\000h\000\341\000c\000h\000\040\000h\000\340\000n\000g\000\040\000t\000h\036\361\000c\000\040\000h\000i\036\307\000n\000\040\000t\000r\036\243\000\040\000h\000\340\000n\000g\000\040\000-\000\040\000h\000o\000\340\000n\000\040\000t\000i\036\301\000n\000.}{subsection.5.5}% 77
\BOOKMARK [2][-]{subsection.5.6}{\376\377\000T\000h\000i\036\277\000t\000\040\000k\036\277\000\040\000g\000i\000a\000o\000\040\000d\000i\036\307\000n\000\040\000h\036\307\000\040\000t\000h\036\321\000n\000g}{section.5}% 78
\BOOKMARK [3][-]{subsubsection.5.6.1}{\376\377\000T\000h\000i\036\277\000t\000\040\000k\036\277\000\040\000g\000i\000a\000o\000\040\000d\000i\036\307\000n\000\040\000c\000h\000o\000\040\000k\000h\000\341\000c\000h\000\040\000h\000\340\000n\000g}{subsection.5.6}% 79
\BOOKMARK [0][-]{subsubsubsection.5.6.1.1}{\376\377\000T\000r\000a\000n\000g\000\040\000c\000h\036\347}{}% 80
\BOOKMARK [0][-]{subsubsubsection.5.6.1.2}{\376\377\000X\000e\000m\000\040\000S\036\243\000n\000\040\000p\000h\036\251\000m\000\040\000t\000h\000e\000o\000\040\000L\000o\036\241\000i\000/\000T\000\354\000m\000\040\000k\000i\036\277\000m\000\040\000S\036\243\000n\000\040\000p\000h\036\251\000m}{}% 81
\BOOKMARK [0][-]{subsubsubsection.5.6.1.3}{\376\377\000T\000\355\000n\000h\000\040\000n\001\003\000n\000g\000\040\000C\000h\001\003\000m\000\040\000s\000\363\000c\000\040\000k\000h\000\341\000c\000h\000\040\000h\000\340\000n\000g}{}% 82
\BOOKMARK [0][-]{subsubsubsection.5.6.1.4}{\376\377\000G\000i\036\317\000\040\000h\000\340\000n\000g}{}% 83
\BOOKMARK [0][-]{subsubsubsection.5.6.1.5}{\376\377\000T\000h\000a\000n\000h\000\040\000t\000o\000\341\000n}{}% 84
\BOOKMARK [0][-]{subsubsubsection.5.6.1.6}{\376\377\000C\000h\000i\000\040\000t\000i\036\277\000t\000\040\000s\036\243\000n\000\040\000p\000h\036\251\000m}{}% 85
\BOOKMARK [0][-]{subsubsubsection.5.6.1.7}{\376\377\000S\000o\000\040\000s\000\341\000n\000h\000\040\000S\036\243\000n\000\040\000p\000h\036\251\000m}{}% 86
\BOOKMARK [0][-]{subsubsubsection.5.6.1.8}{\376\377\000T\000r\000a\000n\000g\000\040\000c\000\341\000\040\000n\000h\000\342\000n}{}% 87
\BOOKMARK [0][-]{subsubsubsection.5.6.1.9}{\376\377\000Q\000u\036\243\000n\000\040\000l\000\375\000\040\001\021\001\241\000n\000\040\000h\000\340\000n\000g}{}% 88
\BOOKMARK [0][-]{subsubsubsection.5.6.1.10}{\376\377\000T\000h\000\364\000n\000g\000\040\000b\000\341\000o}{}% 89
\BOOKMARK [1][-]{subsubsection.5.6.2}{\376\377\000T\000h\000i\036\277\000t\000\040\000k\036\277\000\040\000g\000i\000a\000o\000\040\000d\000i\036\307\000n\000\040\000c\000h\000o\000\040\000q\000u\036\243\000n\000\040\000t\000r\036\313\000\040\000v\000i\000\352\000n}{subsubsubsection.5.6.1.10}% 90
\BOOKMARK [0][-]{subsubsubsection.5.6.2.1}{\376\377\000T\000r\000a\000n\000g\000\040\000t\036\325\000n\000g\000\040\000q\000u\000a\000n\000\040\000\050\000D\000a\000s\000h\000b\000o\000a\000r\000d\000\051}{}% 91
\BOOKMARK [0][-]{subsubsubsection.5.6.2.2}{\376\377\000Q\000u\036\243\000n\000\040\000l\000\375\000\040\001\021\001\241\000n\000\040\000h\000\340\000n\000g}{}% 92
\BOOKMARK [0][-]{subsubsubsection.5.6.2.3}{\376\377\000C\000h\000i\000\040\000t\000i\036\277\000t\000\040\001\021\001\241\000n\000\040\000h\000\340\000n\000g\000\040\000\050\000A\000d\000m\000i\000n\000\051}{}% 93
\BOOKMARK [0][-]{subsubsubsection.5.6.2.4}{\376\377\000Q\000u\036\243\000n\000\040\000l\000\375\000\040\000k\000h\000\341\000c\000h\000\040\000h\000\340\000n\000g}{}% 94
\BOOKMARK [0][-]{subsubsubsection.5.6.2.5}{\376\377\000C\000h\000i\000\040\000t\000i\036\277\000t\000\040\000k\000h\000\341\000c\000h\000\040\000h\000\340\000n\000g}{}% 95
\BOOKMARK [0][-]{subsubsubsection.5.6.2.6}{\376\377\000Q\000u\036\243\000n\000\040\000l\000\375\000\040\000v\000o\000u\000c\000h\000e\000r}{}% 96
\BOOKMARK [0][-]{subsubsubsection.5.6.2.7}{\376\377\000Q\000u\036\243\000n\000\040\000l\000\375\000\040\000d\000a\000n\000h\000\040\000m\036\345\000c}{}% 97
\BOOKMARK [0][-]{subsubsubsection.5.6.2.8}{\376\377\000Q\000u\036\243\000n\000\040\000l\000\375\000\040\000g\000i\000a\000o\000\040\000d\036\313\000c\000h}{}% 98
\BOOKMARK [0][-]{subsubsubsection.5.6.2.9}{\376\377\000C\000h\000i\000\040\000t\000i\036\277\000t\000\040\000g\000i\000a\000o\000\040\000d\036\313\000c\000h}{}% 99
\BOOKMARK [0][-]{subsubsubsection.5.6.2.10}{\376\377\000C\000h\000a\000t\000\040\000h\036\327\000\040\000t\000r\036\343}{}% 100
\BOOKMARK [0][-]{subsubsubsection.5.6.2.11}{\376\377\000T\000h\000\352\000m\000/\000C\000h\036\311\000n\000h\000\040\000s\036\355\000a\000\040\000s\036\243\000n\000\040\000p\000h\036\251\000m}{}% 101
\BOOKMARK [0][-]{subsubsubsection.5.6.2.12}{\376\377\000D\000a\000n\000h\000\040\000s\000\341\000c\000h\000\040\000s\036\243\000n\000\040\000p\000h\036\251\000m}{}% 102
\BOOKMARK [0][-]{subsubsubsection.5.6.2.13}{\376\377\000P\000h\000\342\000n\000\040\000q\000u\000y\036\301\000n\000\040\000v\000a\000i\000\040\000t\000r\000\362}{}% 103
\BOOKMARK [0][-]{subsubsubsection.5.6.2.14}{\376\377\000Q\000u\036\243\000n\000\040\000l\000\375\000\040\000t\000r\000a\000n\000g\000\040\000c\000\341\000\040\000n\000h\000\342\000n}{}% 104
\BOOKMARK [1][-]{subsubsection.5.6.3}{\376\377\000T\000h\000i\036\277\000t\000\040\000k\036\277\000\040\000g\000i\000a\000o\000\040\000d\000i\036\307\000n\000\040\000c\000h\000o\000\040\000n\000h\000\342\000n\000\040\000v\000i\000\352\000n}{subsubsubsection.5.6.2.14}% 105
\BOOKMARK [0][-]{subsubsubsection.5.6.3.1}{\376\377\000Q\000u\036\243\000n\000\040\000l\000\375\000\040\001\021\001\241\000n\000\040\000h\000\340\000n\000g}{}% 106
\BOOKMARK [0][-]{subsubsubsection.5.6.3.2}{\376\377\000C\000h\000i\000\040\000t\000i\036\277\000t\000\040\001\021\001\241\000n\000\040\000h\000\340\000n\000g}{}% 107
\BOOKMARK [0][-]{subsubsubsection.5.6.3.3}{\376\377\000D\000a\000n\000h\000\040\000s\000\341\000c\000h\000\040\000s\036\243\000n\000\040\000p\000h\036\251\000m}{}% 108
\BOOKMARK [0][-]{subsubsubsection.5.6.3.4}{\376\377\000C\000h\000i\000\040\000t\000i\036\277\000t\000\040\000s\036\243\000n\000\040\000p\000h\036\251\000m}{}% 109
\BOOKMARK [0][-]{subsubsubsection.5.6.3.5}{\376\377\000Q\000u\036\243\000n\000\040\000l\000\375\000\040\000g\000i\000a\000o\000\040\000d\036\313\000c\000h}{}% 110
\BOOKMARK [0][-]{subsubsubsection.5.6.3.6}{\376\377\000C\000h\000i\000\040\000t\000i\036\277\000t\000\040\000g\000i\000a\000o\000\040\000d\036\313\000c\000h}{}% 111
\BOOKMARK [0][-]{subsubsubsection.5.6.3.7}{\376\377\000C\000h\000a\000t\000\040\000h\036\327\000\040\000t\000r\036\343}{}% 112
\BOOKMARK [1][-]{section.6}{\376\377\000H\000i\036\307\000n\000\040\000t\000h\036\361\000c\000\040\000h\036\307\000\040\000t\000h\036\321\000n\000g}{subsubsubsection.5.6.3.7}% 113
\BOOKMARK [2][-]{subsection.6.1}{\376\377\000C\036\245\000u\000\040\000t\000r\000\372\000c\000\040\000m\000\343\000\040\000n\000g\000u\036\323\000n}{section.6}% 114
\BOOKMARK [3][-]{subsubsection.6.1.1}{\376\377\000F\000r\000o\000n\000t\000e\000n\000d}{subsection.6.1}% 115
\BOOKMARK [3][-]{subsubsection.6.1.2}{\376\377\000B\000a\000c\000k\000e\000n\000d}{subsection.6.1}% 116
\BOOKMARK [2][-]{subsection.6.2}{\376\377\000D\000a\000n\000h\000\040\000s\000\341\000c\000h\000\040\000c\000\341\000c\000\040\000A\000P\000I}{section.6}% 117
\BOOKMARK [2][-]{subsection.6.3}{\376\377\000G\000i\000a\000o\000\040\000d\000i\036\307\000n\000\040\000h\036\307\000\040\000t\000h\036\321\000n\000g\000\040\000c\000h\000o\000\040\000n\000g\001\260\036\335\000i\000\040\000k\000h\000\341\000c\000h\000\040\000h\000\340\000n\000g}{section.6}% 118
\BOOKMARK [2][-]{subsection.6.4}{\376\377\000G\000i\000a\000o\000\040\000d\000i\036\307\000n\000\040\000h\036\307\000\040\000t\000h\036\321\000n\000g\000\040\000c\000h\000o\000\040\000n\000g\001\260\036\335\000i\000\040\000q\000u\036\243\000n\000\040\000t\000r\036\313\000\040\000v\000i\000\352\000n}{section.6}% 119
\BOOKMARK [2][-]{subsection.6.5}{\376\377\000G\000i\000a\000o\000\040\000d\000i\036\307\000n\000\040\000h\036\307\000\040\000t\000h\036\321\000n\000g\000\040\000c\000h\000o\000\040\000n\000g\001\260\036\335\000i\000\040\000n\000h\000\342\000n\000\040\000v\000i\000\352\000n}{section.6}% 120
\BOOKMARK [1][-]{section.7}{\376\377\000K\000i\036\303\000m\000\040\000t\000h\036\355\000\040\000v\000\340\000\040\001\021\000\341\000n\000h\000\040\000g\000i\000\341\000\040\000h\036\307\000\040\000t\000h\036\321\000n\000g}{subsubsubsection.5.6.3.7}% 121
\BOOKMARK [2][-]{subsection.7.1}{\376\377\000K\000i\036\303\000m\000\040\000t\000h\036\355\000\040\001\021\001\241\000n\000\040\000v\036\313\000\040\000-\000\040\000U\000n\000i\000t\000\040\000T\000e\000s\000t\000i\000n\000g}{section.7}% 122
\BOOKMARK [3][-]{subsubsection.7.1.1}{\376\377\000T\036\325\000n\000g\000\040\000q\000u\000a\000n}{subsection.7.1}% 123
\BOOKMARK [3][-]{subsubsection.7.1.2}{\376\377\000H\000i\036\307\000n\000\040\000t\000h\036\361\000c}{subsection.7.1}% 124
\BOOKMARK [2][-]{subsection.7.2}{\376\377\000K\000i\036\303\000m\000\040\000t\000h\036\355\000\040\000h\036\307\000\040\000t\000h\036\321\000n\000g\000\040\000-\000\040\000S\000y\000s\000t\000e\000m\000\040\000T\000e\000s\000t\000i\000n\000g}{section.7}% 125
\BOOKMARK [3][-]{subsubsection.7.2.1}{\376\377\000T\036\325\000n\000g\000\040\000q\000u\000a\000n}{subsection.7.2}% 126
\BOOKMARK [3][-]{subsubsection.7.2.2}{\376\377\000H\000i\036\307\000n\000\040\000t\000h\036\361\000c}{subsection.7.2}% 127
\BOOKMARK [3][-]{subsubsection.7.2.3}{\376\377\000K\000i\036\303\000m\000\040\000t\000h\036\355\000\040\000l\000u\036\323\000n\000g\000\040\000g\000i\000a\000o\000\040\000d\000i\000\352\000n\000\040\000-\000t\000h\000\352\000m\000\040\000t\000\352\000n\000\040\000l\000u\036\323\000n\000g\000\040\000v\000\340\000o\000\040\001\021\000\342\000y}{subsection.7.2}% 128
\BOOKMARK [3][-]{subsubsection.7.2.4}{\376\377\000K\000i\036\303\000m\000\040\000t\000h\036\355\000\040\000l\000u\036\323\000n\000g\000\040\000g\000i\000a\000o\000\040\000d\000i\000\352\000n\000\040\000-\000t\000h\000\352\000m\000\040\000t\000\352\000n\000\040\000l\000u\036\323\000n\000g\000\040\000v\000\340\000o\000\040\001\021\000\342\000y}{subsection.7.2}% 129
\BOOKMARK [3][-]{subsubsection.7.2.5}{\376\377\000K\000i\036\303\000m\000\040\000t\000h\036\355\000\040\000l\000u\036\323\000n\000g\000\040\000g\000i\000a\000o\000\040\000d\000i\000\352\000n\000\040\000-\000t\000h\000\352\000m\000\040\000t\000\352\000n\000\040\000l\000u\036\323\000n\000g\000\040\000v\000\340\000o\000\040\001\021\000\342\000y}{subsection.7.2}% 130
\BOOKMARK [3][-]{subsubsection.7.2.6}{\376\377\000K\000i\036\303\000m\000\040\000t\000h\036\355\000\040\000a\000p\000i\000\040\000v\036\333\000i\000\040\000P\000o\000s\000t\000m\000a\000n}{subsection.7.2}% 131
\BOOKMARK [2][-]{subsection.7.3}{\376\377\000K\000i\036\303\000m\000\040\000t\000h\036\355\000\040\000c\000h\036\245\000p\000\040\000n\000h\036\255\000n\000\040\000c\036\347\000a\000\040\000n\000g\001\260\036\335\000i\000\040\000d\000\371\000n\000g\000\040\000-\000\040\000U\000s\000e\000r\000\040\000A\000c\000c\000e\000p\000t\000a\000n\000c\000e\000\040\000T\000e\000s\000t\000i\000n\000g\000\040\000-\000\040\000U\000A\000T}{section.7}% 132
\BOOKMARK [1][-]{section.8}{\376\377\000T\000r\000i\036\303\000n\000\040\000k\000h\000a\000i\000\040\000v\000\340\000\040\000v\036\255\000n\000\040\000h\000\340\000n\000h\000\040\000h\036\307\000\040\000t\000h\036\321\000n\000g}{subsubsubsection.5.6.3.7}% 133
\BOOKMARK [2][-]{subsection.8.1}{\376\377\000T\000r\000i\036\303\000n\000\040\000k\000h\000a\000i\000\040\000F\000r\000o\000n\000t\000e\000n\000d\000\040\000l\000\352\000n\000\040\000V\000e\000r\000c\000e\000l}{section.8}% 134
\BOOKMARK [2][-]{subsection.8.2}{\376\377\000T\000r\000i\036\303\000n\000\040\000k\000h\000a\000i\000\040\000B\000a\000c\000k\000e\000n\000d\000\040\000l\000\352\000n\000\040\000R\000a\000i\000l\000w\000a\000y}{section.8}% 135
\BOOKMARK [1][-]{section.9}{\376\377\000T\036\325\000n\000g\000\040\000k\036\277\000t}{subsubsubsection.5.6.3.7}% 136
\BOOKMARK [2][-]{subsection.9.1}{\376\377\000N\000h\036\255\000n\000\040\000x\000\351\000t}{section.9}% 137
\BOOKMARK [2][-]{subsection.9.2}{\376\377\000H\001\260\036\333\000n\000g\000\040\000p\000h\000\341\000t\000\040\000t\000r\000i\036\303\000n\000\040\001\021\036\323\000\040\000\341\000n\000\040\000t\036\321\000t\000\040\000n\000g\000h\000i\036\307\000p}{section.9}% 138
\BOOKMARK [1][-]{section.10}{\376\377\000T\000\340\000i\000\040\000l\000i\036\307\000u\000\040\000t\000h\000a\000m\000\040\000k\000h\036\243\000o}{subsubsubsection.5.6.3.7}% 139
\BOOKMARK [1][-]{section.11}{\376\377\000P\000h\036\345\000\040\000l\036\345\000c}{subsubsubsection.5.6.3.7}% 140
